<?xml version="1.0" encoding="UTF-8"?>
<!-- Generated by org.testng.reporters.JUnitReportReporter -->
<testsuite hostname="DESKTOP-VRSKQJG" name="com.mevanproject.NewTest" tests="3" failures="0" timestamp="22 Aug 2018 03:45:50 GMT" time="15.216" errors="0">
  <testcase name="f" time="7.135" classname="com.mevanproject.NewTest"/>
  <testcase name="f" time="7.696" classname="com.mevanproject.NewTest"/>
  <testcase name="nav" time="0.385" classname="com.mevanproject.NewTest"/>
</testsuite> <!-- com.mevanproject.NewTest -->
