<?xml version="1.0" encoding="UTF-8"?>
<!-- Generated by org.testng.reporters.JUnitReportReporter -->
<testsuite hostname="DESKTOP-VRSKQJG" name="com.mevanproject.NewTest1" tests="2" failures="0" timestamp="22 Aug 2018 03:45:50 GMT" time="12.024" errors="0">
  <testcase name="login" time="9.908" classname="com.mevanproject.NewTest1"/>
  <testcase name="f" time="2.116" classname="com.mevanproject.NewTest1"/>
</testsuite> <!-- com.mevanproject.NewTest1 -->
